14/10/2021 1:14:32 PM	This log contains information about the import schema operation into project 'Synapse-Databases' on computer 'AUSYDNB21172' by user 'fhasan'.
14/10/2021 1:14:33 PM	Import of database schema has started.
14/10/2021 1:14:39 PM	Gathering database credentials
14/10/2021 1:14:39 PM	Gathering database options
14/10/2021 1:14:39 PM	Gathering users
14/10/2021 1:14:39 PM	Gathering roles
14/10/2021 1:14:39 PM	Gathering role memberships
14/10/2021 1:14:39 PM	Gathering symmetric keys
14/10/2021 1:14:41 PM	Gathering schemas
14/10/2021 1:14:41 PM	Gathering functions
14/10/2021 1:14:41 PM	Gathering procedures
14/10/2021 1:14:41 PM	Gathering partition table specification
14/10/2021 1:14:41 PM	Gathering tables
14/10/2021 1:14:43 PM	Gathering primary keys
14/10/2021 1:14:43 PM	Gathering unique constraints
14/10/2021 1:14:43 PM	Gathering default constraints
14/10/2021 1:14:43 PM	Gathering views
14/10/2021 1:14:43 PM	Gathering indexes
14/10/2021 1:14:44 PM	Gathering statistics
14/10/2021 1:14:44 PM	Gathering column store indexes
14/10/2021 1:14:44 PM	Gathering security policies
14/10/2021 1:14:44 PM	Gathering external data sources
14/10/2021 1:14:44 PM	Gathering external file formats
14/10/2021 1:14:45 PM	Gathering external tables
14/10/2021 1:14:45 PM	Gathering Workload Groups
14/10/2021 1:14:45 PM	Gathering Workload Classifiers
14/10/2021 1:14:50 PM	Scanning project for duplicate elements
14/10/2021 1:14:50 PM	Finished duplicate element processing
14/10/2021 1:14:51 PM	Finished importing database.
14/10/2021 1:14:51 PM	A summary of the import was saved to the following location: C:\Users\fhasan\source\repos\Synapse-Databases\Synapse-Databases\Import Schema Logs\Synapse-Databases_20211014021432.log
14/10/2021 1:14:51 PM	Click Finish to continue...
